Traceback (most recent call last):
  File "C:\Users\alujan\miniconda3\envs\egmn-dev\lib\site-packages\jupyter_cache\executors\utils.py", line 58, in single_nb_execution
    executenb(
  File "C:\Users\alujan\miniconda3\envs\egmn-dev\lib\site-packages\nbclient\client.py", line 1204, in execute
    return NotebookClient(nb=nb, resources=resources, km=km, **kwargs).execute()
  File "C:\Users\alujan\miniconda3\envs\egmn-dev\lib\site-packages\nbclient\util.py", line 84, in wrapped
    return just_run(coro(*args, **kwargs))
  File "C:\Users\alujan\miniconda3\envs\egmn-dev\lib\site-packages\nbclient\util.py", line 62, in just_run
    return loop.run_until_complete(coro)
  File "C:\Users\alujan\miniconda3\envs\egmn-dev\lib\asyncio\base_events.py", line 649, in run_until_complete
    return future.result()
  File "C:\Users\alujan\miniconda3\envs\egmn-dev\lib\site-packages\nbclient\client.py", line 663, in async_execute
    await self.async_execute_cell(
  File "C:\Users\alujan\miniconda3\envs\egmn-dev\lib\site-packages\nbclient\client.py", line 965, in async_execute_cell
    await self._check_raise_for_error(cell, cell_index, exec_reply)
  File "C:\Users\alujan\miniconda3\envs\egmn-dev\lib\site-packages\nbclient\client.py", line 862, in _check_raise_for_error
    raise CellExecutionError.from_cell_and_msg(cell, exec_reply_content)
nbclient.exceptions.CellExecutionError: An error occurred while executing the following cell:
------------------
import matplotlib.pyplot as plt
import numpy as np
from ConsRetPenContribModel import PensionContribConsumerType
------------------

[1;31m---------------------------------------------------------------------------[0m
[1;31mModuleNotFoundError[0m                       Traceback (most recent call last)
Cell [1;32mIn[1], line 3[0m
[0;32m      1[0m [38;5;28;01mimport[39;00m [38;5;21;01mmatplotlib[39;00m[38;5;21;01m.[39;00m[38;5;21;01mpyplot[39;00m [38;5;28;01mas[39;00m [38;5;21;01mplt[39;00m
[0;32m      2[0m [38;5;28;01mimport[39;00m [38;5;21;01mnumpy[39;00m [38;5;28;01mas[39;00m [38;5;21;01mnp[39;00m
[1;32m----> 3[0m [38;5;28;01mfrom[39;00m [38;5;21;01mConsRetPenContribModel[39;00m [38;5;28;01mimport[39;00m PensionContribConsumerType

File [1;32m~\GitHub\alanlujan91\SequentialEGM\Code\EGMN\ConsRetPenContribModel.py:17[0m
[0;32m     15[0m [38;5;28;01mfrom[39;00m [38;5;21;01mHARK[39;00m[38;5;21;01m.[39;00m[38;5;21;01mcore[39;00m [38;5;28;01mimport[39;00m MetricObject, make_one_period_oo_solver
[0;32m     16[0m [38;5;28;01mfrom[39;00m [38;5;21;01mHARK[39;00m[38;5;21;01m.[39;00m[38;5;21;01mdistribution[39;00m [38;5;28;01mimport[39;00m DiscreteDistribution, calc_expectation
[1;32m---> 17[0m [38;5;28;01mfrom[39;00m [38;5;21;01mHARK[39;00m[38;5;21;01m.[39;00m[38;5;21;01mfast[39;00m [38;5;28;01mimport[39;00m BilinearInterpFast, LinearInterpFast
[0;32m     18[0m [38;5;28;01mfrom[39;00m [38;5;21;01mHARK[39;00m[38;5;21;01m.[39;00m[38;5;21;01minterpolation[39;00m [38;5;28;01mimport[39;00m (
[0;32m     19[0m     ConstantFunction,
[0;32m     20[0m     LinearInterpOnInterp1D,
[1;32m   (...)[0m
[0;32m     23[0m     calc_log_sum_choice_probs,
[0;32m     24[0m )
[0;32m     25[0m [38;5;28;01mfrom[39;00m [38;5;21;01mHARK[39;00m[38;5;21;01m.[39;00m[38;5;21;01mutilities[39;00m [38;5;28;01mimport[39;00m NullFunc, make_grid_exp_mult

[1;31mModuleNotFoundError[0m: No module named 'HARK.fast'
ModuleNotFoundError: No module named 'HARK.fast'

